<?xml version="1.0" encoding="UTF-8"?>
<testsuite name="com.offlinehud.app.SrtmElevationProviderTest" tests="4" skipped="0" failures="0" errors="0" timestamp="2026-06-18T08:14:21.184Z" hostname="esp0225" time="0.012">
  <properties/>
  <testcase name="testGetElevationWithMissingFile" classname="com.offlinehud.app.SrtmElevationProviderTest" time="0.003"/>
  <testcase name="testGetElevationWithVoidData" classname="com.offlinehud.app.SrtmElevationProviderTest" time="0.005"/>
  <testcase name="testGetElevationCache" classname="com.offlinehud.app.SrtmElevationProviderTest" time="0.002"/>
  <testcase name="testGetElevationWithValidFile" classname="com.offlinehud.app.SrtmElevationProviderTest" time="0.002"/>
  <system-out><![CDATA[]]></system-out>
  <system-err><![CDATA[]]></system-err>
</testsuite>
