<?xml version="1.0" encoding="UTF-8"?>
<testsuite name="com.offlinehud.app.MapMatchingEngineTest" tests="2" skipped="0" failures="0" errors="0" timestamp="2026-06-18T08:14:21.176Z" hostname="esp0225" time="0.007">
  <properties/>
  <testcase name="testGetSpeedLimitWhenNotInitialized" classname="com.offlinehud.app.MapMatchingEngineTest" time="0.002"/>
  <testcase name="testInitializationWithMissingDirectory" classname="com.offlinehud.app.MapMatchingEngineTest" time="0.004"/>
  <system-out><![CDATA[]]></system-out>
  <system-err><![CDATA[]]></system-err>
</testsuite>
